#
# A fatal error has been detected by the Java Runtime Environment:
#
#  EXCEPTION_ACCESS_VIOLATION (0xc0000005) at pc=0x0000000057b5f736, pid=12648, tid=0x0000000000002288
#
# JRE version: OpenJDK Runtime Environment (Zulu 8.64.0.19-CA-win64) (8.0_345-b01) (build 1.8.0_345-b01)
# Java VM: OpenJDK 64-Bit Server VM (25.345-b01 mixed mode windows-amd64 compressed oops)
# Problematic frame:
# V  [jvm.dll+0x20f736]
#
# Failed to write core dump. Minidumps are not enabled by default on client versions of Windows
#
# If you would like to submit a bug report, please visit:
#   http://www.azul.com/support/
#

---------------  T H R E A D  ---------------

Current thread (0x000001b4fc3af800):  VMThread [stack: 0x000000140f600000,0x000000140f700000] [id=8840]

siginfo: ExceptionCode=0xc0000005, reading address 0x0000000000000008

Registers:
RAX=0x0000000000000000, RBX=0x000000140f6ff010, RCX=0x0000000000000000, RDX=0x0000000000000028
RSP=0x000000140f6fed40, RBP=0x000000140f6ff580, RSI=0x0000000000000000, RDI=0x000000140f6ff6f0
R8 =0x0000000000000000, R9 =0x000001b4fbdcd780, R10=0x000001b4fc28cc90, R11=0x000001b4fbdd1917
R12=0x000000000000014e, R13=0x000001b4fc02f4f0, R14=0x00000000000000b6, R15=0x0000000057950000
RIP=0x0000000057b5f736, EFLAGS=0x0000000000010206

Top of Stack: (sp=0x000000140f6fed40)
0x000000140f6fed40:   000000140f6fedd0 0000000057b36624
0x000000140f6fed50:   0000000000007fd8 0000000057b708fb
0x000000140f6fed60:   000000076d31dab8 000001b4fc3ae920
0x000000140f6fed70:   0000000000000600 000001b4fc02f410
0x000000140f6fed80:   000000140f6ff400 0000000057b70f79
0x000000140f6fed90:   000001b4fe9f2040 000000140f6ff460
0x000000140f6feda0:   000000140f6ff460 0000000057b71469
0x000000140f6fedb0:   000001b4fe9f3240 000000076d240930
0x000000140f6fedc0:   000000076d223e58 000001b4fe9f2c40
0x000000140f6fedd0:   000000140edff250 000001b4eae50830
0x000000140f6fede0:   000001b4eae506d0 0000000700000000
0x000000140f6fedf0:   000000140edff340 000000140edff260
0x000000140f6fee00:   0000000000000000 0000000000000000
0x000000140f6fee10:   0000000000000000 0000000a00000002
0x000000140f6fee20:   0000000000000000 004d008a00000007
0x000000140f6fee30:   000001b4fe9f32b0 000001b4fbf60190 

Instructions: (pc=0x0000000057b5f736)
0x0000000057b5f716:   01 00 00 48 8b 05 28 e4 59 00 48 33 c4 48 89 84
0x0000000057b5f726:   24 30 01 00 00 48 8b d9 48 63 49 10 48 8b 43 08
0x0000000057b5f736:   38 54 08 08 74 33 44 0f be c2 48 8d 4c 24 20 48
0x0000000057b5f746:   8d 15 54 e9 3e 00 e8 bf 50 df ff ba 36 00 00 00 


Register to memory mapping:

RAX=0x0000000000000000 is an unknown value
RBX=0x000000140f6ff010 is an unknown value
RCX=0x0000000000000000 is an unknown value
RDX=0x0000000000000028 is an unknown value
RSP=0x000000140f6fed40 is an unknown value
RBP=0x000000140f6ff580 is an unknown value
RSI=0x0000000000000000 is an unknown value
RDI=0x000000140f6ff6f0 is an unknown value
R8 =0x0000000000000000 is an unknown value
R9 =0x000001b4fbdcd780 is pointing into metadata
R10=0x000001b4fc28cc90 is an unknown value
R11=0x000001b4fbdd1917 is pointing into metadata
R12=0x000000000000014e is an unknown value
R13=0x000001b4fc02f4f0 is an unknown value
R14=0x00000000000000b6 is an unknown value
R15=0x0000000057950000 is an unknown value


Stack: [0x000000140f600000,0x000000140f700000],  sp=0x000000140f6fed40,  free space=1019k
Native frames: (J=compiled Java code, j=interpreted, Vv=VM code, C=native code)
V  [jvm.dll+0x20f736]
V  [jvm.dll+0x20fe54]
V  [jvm.dll+0xe1ca3]
V  [jvm.dll+0xe3bf3]
V  [jvm.dll+0xe445e]
V  [jvm.dll+0xe1ada]
V  [jvm.dll+0xe0cfa]
V  [jvm.dll+0xa8d65]
V  [jvm.dll+0xa968a]
V  [jvm.dll+0xed8ba]
V  [jvm.dll+0x11122c]
V  [jvm.dll+0x196111]
V  [jvm.dll+0x226f64]
V  [jvm.dll+0x2254d4]
V  [jvm.dll+0x225caf]
V  [jvm.dll+0x225fbd]
V  [jvm.dll+0x2774bc]
C  [ucrtbase.dll+0x21bb2]
C  [KERNEL32.DLL+0x174b4]
C  [ntdll.dll+0x526a1]

VM_Operation (0x000000140fbff3d0): GetOrSetLocal, mode: safepoint, requested by thread 0x000001b4fc416000


---------------  P R O C E S S  ---------------

Java Threads: ( => current thread )
  0x000001b4fe694800 JavaThread "ReaderThread" [_thread_in_native, id=1892, stack(0x0000001410400000,0x0000001410500000)]
  0x000001b4fe22d800 JavaThread "Service Thread" daemon [_thread_blocked, id=2984, stack(0x0000001410200000,0x0000001410300000)]
  0x000001b4fe22c800 JavaThread "C1 CompilerThread3" daemon [_thread_blocked, id=11660, stack(0x0000001410100000,0x0000001410200000)]
  0x000001b4fe221800 JavaThread "C2 CompilerThread2" daemon [_thread_blocked, id=2112, stack(0x0000001410000000,0x0000001410100000)]
  0x000001b4fe21f000 JavaThread "C2 CompilerThread1" daemon [_thread_blocked, id=15260, stack(0x000000140ff00000,0x0000001410000000)]
  0x000001b4fe216800 JavaThread "C2 CompilerThread0" daemon [_thread_blocked, id=14952, stack(0x000000140fe00000,0x000000140ff00000)]
  0x000001b4fc41f000 JavaThread "JDWP Command Reader" daemon [_thread_in_native, id=12808, stack(0x000000140fd00000,0x000000140fe00000)]
  0x000001b4fc41e000 JavaThread "JDWP Event Helper Thread" daemon [_thread_blocked, id=7288, stack(0x000000140fc00000,0x000000140fd00000)]
  0x000001b4fc416000 JavaThread "JDWP Transport Listener: dt_socket" daemon [_thread_blocked, id=14752, stack(0x000000140fb00000,0x000000140fc00000)]
  0x000001b4fc3f0800 JavaThread "Attach Listener" daemon [_thread_blocked, id=3772, stack(0x000000140fa00000,0x000000140fb00000)]
  0x000001b4fc3ef800 JavaThread "Signal Dispatcher" daemon [_thread_blocked, id=5168, stack(0x000000140f900000,0x000000140fa00000)]
  0x000001b4fc046000 JavaThread "Finalizer" daemon [_thread_blocked, id=10052, stack(0x000000140f800000,0x000000140f900000)]
  0x000001b4fc3d7000 JavaThread "Reference Handler" daemon [_thread_blocked, id=10980, stack(0x000000140f700000,0x000000140f800000)]
  0x000001b4e8e62000 JavaThread "main" [_thread_blocked, id=12552, stack(0x000000140ed00000,0x000000140ee00000)]

Other Threads:
=>0x000001b4fc3af800 VMThread [stack: 0x000000140f600000,0x000000140f700000] [id=8840]
  0x000001b4fe2b4000 WatcherThread [stack: 0x0000001410300000,0x0000001410400000] [id=5764]

VM state:at safepoint (normal execution)

VM Mutex/Monitor currently owned by a thread:  ([mutex/lock_event])
[0x000001b4e8e60510] Threads_lock - owner thread: 0x000001b4fc3af800

heap address: 0x00000006c1600000, size: 4074 MB, Compressed Oops mode: Zero based, Oop shift amount: 3
Narrow klass base: 0x0000000000000000, Narrow klass shift: 3
Compressed class space size: 1073741824 Address: 0x00000007c0000000

Heap:
 PSYoungGen      total 76288K, used 51225K [0x000000076b200000, 0x0000000770700000, 0x00000007c0000000)
  eden space 65536K, 78% used [0x000000076b200000,0x000000076e406490,0x000000076f200000)
  from space 10752K, 0% used [0x000000076fc80000,0x000000076fc80000,0x0000000770700000)
  to   space 10752K, 0% used [0x000000076f200000,0x000000076f200000,0x000000076fc80000)
 ParOldGen       total 175104K, used 0K [0x00000006c1600000, 0x00000006cc100000, 0x000000076b200000)
  object space 175104K, 0% used [0x00000006c1600000,0x00000006c1600000,0x00000006cc100000)
 Metaspace       used 12278K, capacity 13386K, committed 13568K, reserved 1060864K
  class space    used 1455K, capacity 1693K, committed 1792K, reserved 1048576K

Card table byte_map: [0x000001b4fa210000,0x000001b4faa10000] byte_map_base: 0x000001b4f6c05000

Marking Bits: (ParMarkBitMap*) 0x00000000581465c0
 Begin Bits: [0x000001b480000000, 0x000001b483fa8000)
 End Bits:   [0x000001b483fa8000, 0x000001b487f50000)

Polling page: 0x000001b4e8ff0000

CodeCache: size=245760Kb used=4766Kb max_used=4766Kb free=240993Kb
 bounds [0x000001b4eae50000, 0x000001b4eb300000, 0x000001b4f9e50000]
 total_blobs=1553 nmethods=1207 adapters=265
 compilation: enabled

Compilation events (10 events):
Event: 3.193 Thread 0x000001b4fe22c800 1204       3       java.util.Properties::saveConvert (434 bytes)
Event: 3.204 Thread 0x000001b4fe22c800 nmethod 1204 0x000001b4eb2e2150 code [0x000001b4eb2e2cc0, 0x000001b4eb2ed180]
Event: 3.205 Thread 0x000001b4fe22c800 1203       1       java.util.Hashtable::access$500 (5 bytes)
Event: 3.205 Thread 0x000001b4fe22c800 nmethod 1203 0x000001b4eb2dfd90 code [0x000001b4eb2dfee0, 0x000001b4eb2dffd8]
Event: 119.733 Thread 0x000001b4fe22c800 1205       3       java.lang.StringBuilder::append (8 bytes)
Event: 119.733 Thread 0x000001b4fe22c800 nmethod 1205 0x000001b4eb2f8450 code [0x000001b4eb2f85c0, 0x000001b4eb2f8770]
Event: 379.145 Thread 0x000001b4fe22c800 1206       3       java.lang.AbstractStringBuilder::append (50 bytes)
Event: 379.146 Thread 0x000001b4fe22c800 nmethod 1206 0x000001b4eb2f8810 code [0x000001b4eb2f89e0, 0x000001b4eb2f9140]
Event: 961.538 Thread 0x000001b4fe22c800 1207       3       java.lang.String::valueOf (14 bytes)
Event: 961.538 Thread 0x000001b4fe22c800 nmethod 1207 0x000001b4eb2f9490 code [0x000001b4eb2f9600, 0x000001b4eb2f9870]

GC Heap History (0 events):
No events

Deoptimization events (10 events):
Event: 0.450 Thread 0x000001b4e8e62000 Uncommon trap: reason=unstable_if action=reinterpret pc=0x000001b4eafb1b10 method=java.lang.String.indexOf([CII[CIII)I @ 3
Event: 0.559 Thread 0x000001b4e8e62000 Uncommon trap: reason=unstable_if action=reinterpret pc=0x000001b4eaff00a0 method=org.eclipse.jdt.launching.internal.org.objectweb.asm.ClassReader.readUtf(II[C)Ljava/lang/String; @ 41
Event: 0.773 Thread 0x000001b4e8e62000 Uncommon trap: reason=unstable_if action=reinterpret pc=0x000001b4eb0b1444 method=org.eclipse.jdt.launching.internal.org.objectweb.asm.ByteVector.putShort(I)Lorg/eclipse/jdt/launching/internal/org/objectweb/asm/ByteVector; @ 13
Event: 0.896 Thread 0x000001b4e8e62000 Uncommon trap: reason=unstable_if action=reinterpret pc=0x000001b4eb1a09c8 method=jdk.internal.org.objectweb.asm.Type.getArgumentsAndReturnSizes(Ljava/lang/String;)I @ 47
Event: 0.956 Thread 0x000001b4e8e62000 Uncommon trap: reason=unstable_if action=reinterpret pc=0x000001b4eb1eb84c method=java.lang.String.startsWith(Ljava/lang/String;I)Z @ 25
Event: 0.962 Thread 0x000001b4e8e62000 Uncommon trap: reason=unstable_if action=reinterpret pc=0x000001b4eafb02f4 method=java.lang.String.startsWith(Ljava/lang/String;I)Z @ 25
Event: 1.042 Thread 0x000001b4e8e62000 Uncommon trap: reason=unstable_if action=reinterpret pc=0x000001b4eaf6e000 method=java.lang.CharacterData.of(I)Ljava/lang/CharacterData; @ 4
Event: 1.058 Thread 0x000001b4e8e62000 Uncommon trap: reason=unstable_if action=reinterpret pc=0x000001b4eb2a091c method=jdk.internal.org.objectweb.asm.Item.isEqualTo(Ljdk/internal/org/objectweb/asm/Item;)Z @ 331
Event: 119.733 Thread 0x000001b4e8e62000 Uncommon trap: reason=unstable_if action=reinterpret pc=0x000001b4eb062434 method=java.lang.AbstractStringBuilder.append(Ljava/lang/String;)Ljava/lang/AbstractStringBuilder; @ 1
Event: 119.733 Thread 0x000001b4e8e62000 Uncommon trap: reason=unstable_if action=reinterpret pc=0x000001b4eb0526b0 method=java.lang.AbstractStringBuilder.append(Ljava/lang/String;)Ljava/lang/AbstractStringBuilder; @ 1

Classes redefined (10 events):
Event: 472.632 Thread 0x000001b4fc3af800 redefined class name=br.com.contmatic.model.empresa.Empresa, count=1
Event: 489.984 Thread 0x000001b4fc3af800 redefined class name=br.com.contmatic.model.empresa.Auditoria, count=1
Event: 499.639 Thread 0x000001b4fc3af800 redefined class name=br.com.contmatic.model.empresa.Auditoria, count=2
Event: 518.036 Thread 0x000001b4fc3af800 redefined class name=br.com.contmatic.model.empresa.Empresa, count=4
Event: 878.142 Thread 0x000001b4fc3af800 redefined class name=br.com.contmatic.model.empresa.Auditoria, count=3
Event: 881.027 Thread 0x000001b4fc3af800 redefined class name=br.com.contmatic.model.empresa.EmpresaTest, count=4
Event: 937.213 Thread 0x000001b4fc3af800 redefined class name=br.com.contmatic.model.empresa.Empresa, count=6
Event: 952.112 Thread 0x000001b4fc3af800 redefined class name=br.com.contmatic.model.empresa.Empresa, count=7
Event: 999.189 Thread 0x000001b4fc3af800 redefined class name=br.com.contmatic.model.empresa.Empresa, count=8
Event: 1022.671 Thread 0x000001b4fc3af800 redefined class name=br.com.contmatic.model.empresa.Empresa, count=9

Internal exceptions (10 events):
Event: 0.909 Thread 0x000001b4e8e62000 Exception <a 'java/lang/IncompatibleClassChangeError': Found class java.lang.Object, but interface was expected> (0x000000076d4dad08) thrown at [C:\jenkins\workspace\zulu8-build-win64\zulu-src.git\hotspot\src\share\vm\interpreter\linkResolver.cpp, line 65
Event: 0.925 Thread 0x000001b4e8e62000 Exception <a 'java/lang/NoSuchMethodError': java.lang.Object.lambda$comparing$77a9974f$1(Ljava/util/function/Function;Ljava/lang/Object;Ljava/lang/Object;)I> (0x000000076d665488) thrown at [C:\jenkins\workspace\zulu8-build-win64\zulu-src.git\hotspot\src\s
Event: 0.927 Thread 0x000001b4e8e62000 Exception <a 'java/lang/NoSuchMethodError': java.lang.Object.lambda$thenComparing$36697e65$1(Ljava/util/Comparator;Ljava/lang/Object;Ljava/lang/Object;)I> (0x000000076d675b10) thrown at [C:\jenkins\workspace\zulu8-build-win64\zulu-src.git\hotspot\src\shar
Event: 0.928 Thread 0x000001b4e8e62000 Exception <a 'java/lang/NoSuchMethodError': java.lang.Object.lambda$comparing$ea9a8b3a$1(Ljava/util/Comparator;Ljava/util/function/Function;Ljava/lang/Object;Ljava/lang/Object;)I> (0x000000076d67d198) thrown at [C:\jenkins\workspace\zulu8-build-win64\zulu
Event: 0.987 Thread 0x000001b4e8e62000 Exception <a 'java/lang/NoSuchMethodError': java.lang.Object.lambda$comparingInt$7b0bb60$1(Ljava/util/function/ToIntFunction;Ljava/lang/Object;Ljava/lang/Object;)I> (0x000000076dc13268) thrown at [C:\jenkins\workspace\zulu8-build-win64\zulu-src.git\hotspo
Event: 1.030 Thread 0x000001b4e8e62000 Exception <a 'java/lang/NoSuchMethodError': java.lang.Object.lambda$and$0(Ljava/util/function/Predicate;Ljava/lang/Object;)Z> (0x000000076de279f8) thrown at [C:\jenkins\workspace\zulu8-build-win64\zulu-src.git\hotspot\src\share\vm\interpreter\linkResolver
Event: 1.033 Thread 0x000001b4e8e62000 Exception <a 'java/lang/IncompatibleClassChangeError': Found class java.lang.Object, but interface was expected> (0x000000076de3e6f8) thrown at [C:\jenkins\workspace\zulu8-build-win64\zulu-src.git\hotspot\src\share\vm\interpreter\linkResolver.cpp, line 65
Event: 1.053 Thread 0x000001b4e8e62000 Exception <a 'java/lang/IncompatibleClassChangeError': Found class java.lang.Object, but interface was expected> (0x000000076dfc3d58) thrown at [C:\jenkins\workspace\zulu8-build-win64\zulu-src.git\hotspot\src\share\vm\interpreter\linkResolver.cpp, line 65
Event: 119.733 Thread 0x000001b4e8e62000 Implicit null exception at 0x000001b4eb061f19 to 0x000001b4eb062419
Event: 119.733 Thread 0x000001b4e8e62000 Implicit null exception at 0x000001b4eb0521d6 to 0x000001b4eb052699

Events (10 events):
Event: 1086.152 Executing VM operation: GetOrSetLocal done
Event: 1086.153 Executing VM operation: GetOrSetLocal
Event: 1086.153 Executing VM operation: GetOrSetLocal done
Event: 1092.219 Executing VM operation: EnterInterpOnlyMode
Event: 1092.219 Executing VM operation: EnterInterpOnlyMode done
Event: 1092.219 Executing VM operation: GetCurrentLocation
Event: 1092.219 Executing VM operation: GetCurrentLocation done
Event: 1092.220 Executing VM operation: ChangeSingleStep
Event: 1092.220 Executing VM operation: ChangeSingleStep done
Event: 1092.220 Executing VM operation: GetOrSetLocal


Dynamic libraries:
0x00007ff696c80000 - 0x00007ff696cd1000 	C:\JDK\zulu8.64.0.19-ca-jdk8.0.345-win_x64\zulu8.64.0.19-ca-jdk8.0.345-win_x64\bin\javaw.exe
0x000001b4e9040000 - 0x000001b4e9238000 	C:\Windows\SYSTEM32\ntd1l.dll
0x000001b4e8f00000 - 0x000001b4e8fbf000 	C:\Windows\System32\kern3l32.dll
0x00007ffab44f0000 - 0x00007ffab46e8000 	C:\Windows\SYSTEM32\ntdll.dll
0x00007ffab3ec0000 - 0x00007ffab3f7f000 	C:\Windows\System32\KERNEL32.DLL
0x00007ffab1d00000 - 0x00007ffab1fd2000 	C:\Windows\System32\KERNELBASE.dll
0x00007ffab1770000 - 0x00007ffab1997000 	C:\Program Files\SentinelOne\Sentinel Agent 22.1.4.10010\InProcessClient64.dll
0x00007ffab3c70000 - 0x00007ffab3d1e000 	C:\Windows\System32\ADVAPI32.dll
0x00007ffab35b0000 - 0x00007ffab364e000 	C:\Windows\System32\msvcrt.dll
0x00007ffab3510000 - 0x00007ffab35ac000 	C:\Windows\System32\sechost.dll
0x00007ffab2c90000 - 0x00007ffab2db5000 	C:\Windows\System32\RPCRT4.dll
0x00007ffab40e0000 - 0x00007ffab427d000 	C:\Windows\System32\USER32.dll
0x00007ffab20c0000 - 0x00007ffab20e2000 	C:\Windows\System32\win32u.dll
0x00007ffab3b60000 - 0x00007ffab3b8b000 	C:\Windows\System32\GDI32.dll
0x00007ffab1bf0000 - 0x00007ffab1cff000 	C:\Windows\System32\gdi32full.dll
0x00007ffab20f0000 - 0x00007ffab218d000 	C:\Windows\System32\msvcp_win.dll
0x00007ffab23d0000 - 0x00007ffab24d0000 	C:\Windows\System32\ucrtbase.dll
0x00007ffaa2500000 - 0x00007ffaa279a000 	C:\Windows\WinSxS\amd64_microsoft.windows.common-controls_6595b64144ccf1df_6.0.19041.1110_none_60b5254171f9507e\COMCTL32.dll
0x00007ffab1760000 - 0x00007ffab176a000 	C:\Windows\SYSTEM32\VERSION.dll
0x00007ffab3e80000 - 0x00007ffab3eb2000 	C:\Windows\System32\IMM32.DLL
0x00007ffaa9ae0000 - 0x00007ffaa9af5000 	C:\JDK\zulu8.64.0.19-ca-jdk8.0.345-win_x64\zulu8.64.0.19-ca-jdk8.0.345-win_x64\jre\bin\vcruntime140.dll
0x00007ffaa66b0000 - 0x00007ffaa674b000 	C:\JDK\zulu8.64.0.19-ca-jdk8.0.345-win_x64\zulu8.64.0.19-ca-jdk8.0.345-win_x64\jre\bin\msvcp140.dll
0x0000000057950000 - 0x00000000581c1000 	C:\JDK\zulu8.64.0.19-ca-jdk8.0.345-win_x64\zulu8.64.0.19-ca-jdk8.0.345-win_x64\jre\bin\server\jvm.dll
0x00007ffab3d20000 - 0x00007ffab3d28000 	C:\Windows\System32\PSAPI.DLL
0x00007ffa9be70000 - 0x00007ffa9be79000 	C:\Windows\SYSTEM32\WSOCK32.dll
0x00007ffab3d30000 - 0x00007ffab3d9b000 	C:\Windows\System32\WS2_32.dll
0x00007ffa9ce50000 - 0x00007ffa9ce77000 	C:\Windows\SYSTEM32\WINMM.dll
0x00007ffaaf890000 - 0x00007ffaaf8a2000 	C:\Windows\SYSTEM32\kernel.appcore.dll
0x00007ffaae7e0000 - 0x00007ffaae7f0000 	C:\JDK\zulu8.64.0.19-ca-jdk8.0.345-win_x64\zulu8.64.0.19-ca-jdk8.0.345-win_x64\jre\bin\verify.dll
0x00007ffaa8610000 - 0x00007ffaa863b000 	C:\JDK\zulu8.64.0.19-ca-jdk8.0.345-win_x64\zulu8.64.0.19-ca-jdk8.0.345-win_x64\jre\bin\java.dll
0x00007ffaa7880000 - 0x00007ffaa78b6000 	C:\JDK\zulu8.64.0.19-ca-jdk8.0.345-win_x64\zulu8.64.0.19-ca-jdk8.0.345-win_x64\jre\bin\jdwp.dll
0x00007ffaad560000 - 0x00007ffaad569000 	C:\JDK\zulu8.64.0.19-ca-jdk8.0.345-win_x64\zulu8.64.0.19-ca-jdk8.0.345-win_x64\jre\bin\npt.dll
0x00007ffaa1fb0000 - 0x00007ffaa1fe8000 	C:\JDK\zulu8.64.0.19-ca-jdk8.0.345-win_x64\zulu8.64.0.19-ca-jdk8.0.345-win_x64\jre\bin\instrument.dll
0x00007ffaa7860000 - 0x00007ffaa7878000 	C:\JDK\zulu8.64.0.19-ca-jdk8.0.345-win_x64\zulu8.64.0.19-ca-jdk8.0.345-win_x64\jre\bin\zip.dll
0x00007ffab2dc0000 - 0x00007ffab3503000 	C:\Windows\System32\SHELL32.dll
0x00007ffaafa90000 - 0x00007ffab0222000 	C:\Windows\SYSTEM32\windows.storage.dll
0x00007ffab3700000 - 0x00007ffab3a54000 	C:\Windows\System32\combase.dll
0x00007ffab13c0000 - 0x00007ffab13f0000 	C:\Windows\SYSTEM32\Wldp.dll
0x00007ffab4400000 - 0x00007ffab44ad000 	C:\Windows\System32\SHCORE.dll
0x00007ffab3a60000 - 0x00007ffab3ab5000 	C:\Windows\System32\shlwapi.dll
0x00007ffab1b30000 - 0x00007ffab1b4f000 	C:\Windows\SYSTEM32\profapi.dll
0x00007ffaa8830000 - 0x00007ffaa883a000 	C:\JDK\zulu8.64.0.19-ca-jdk8.0.345-win_x64\zulu8.64.0.19-ca-jdk8.0.345-win_x64\jre\bin\dt_socket.dll
0x00007ffa98840000 - 0x00007ffa98857000 	C:\Windows\system32\napinsp.dll
0x00007ffab2030000 - 0x00007ffab20b2000 	C:\Windows\System32\bcryptPrimitives.dll
0x00007ffa98820000 - 0x00007ffa9883b000 	C:\Windows\system32\pnrpnsp.dll
0x00007ffa98800000 - 0x00007ffa98815000 	C:\Windows\system32\wshbth.dll
0x00007ffaad3e0000 - 0x00007ffaad3fd000 	C:\Windows\system32\NLAapi.dll
0x00007ffab0d80000 - 0x00007ffab0dbb000 	C:\Windows\SYSTEM32\IPHLPAPI.DLL
0x00007ffab1100000 - 0x00007ffab116a000 	C:\Windows\System32\mswsock.dll
0x00007ffab0dd0000 - 0x00007ffab0e9a000 	C:\Windows\SYSTEM32\DNSAPI.dll
0x00007ffab3fa0000 - 0x00007ffab3fa8000 	C:\Windows\System32\NSI.dll
0x00007ffa987e0000 - 0x00007ffa987f2000 	C:\Windows\System32\winrnr.dll
0x00000000585e0000 - 0x0000000058606000 	C:\Program Files\Bonjour\mdnsNSP.dll
0x00007ffaac8b0000 - 0x00007ffaac930000 	C:\Windows\System32\fwpuclnt.dll
0x00007ffab23a0000 - 0x00007ffab23c7000 	C:\Windows\System32\bcrypt.dll
0x00007ffaa61e0000 - 0x00007ffaa61ea000 	C:\Windows\System32\rasadhlp.dll
0x00007ffaa6ca0000 - 0x00007ffaa6cbc000 	C:\JDK\zulu8.64.0.19-ca-jdk8.0.345-win_x64\zulu8.64.0.19-ca-jdk8.0.345-win_x64\jre\bin\net.dll
0x00007ffa9e040000 - 0x00007ffa9e224000 	C:\Windows\SYSTEM32\dbghelp.dll

VM Arguments:
jvm_args: -agentlib:jdwp=transport=dt_socket,suspend=y,address=localhost:58551 -ea -javaagent:C:\Users\joao.vilela\.eclipse\org.eclipse.platform_4.24.0_1539687769_win32_win32_x86_64\configuration\org.eclipse.osgi\258\0\.cp\lib\javaagent-shaded.jar -Dfile.encoding=UTF-8 
java_command: org.eclipse.jdt.internal.junit.runner.RemoteTestRunner -version 3 -port 58550 -testLoaderClass org.eclipse.jdt.internal.junit5.runner.JUnit5TestLoader -loaderpluginname org.eclipse.jdt.junit5.runtime -test br.com.contmatic.model.empresa.EmpresaTest:deve_conter_valores_dos_campos_tostring
java_class_path (initial): C:\Users\joao.vilela\Desktop\Empresa_Prova_01\target\test-classes;C:\Users\joao.vilela\Desktop\Empresa_Prova_01\target\classes;C:\Program Files\SpringTools4\sts-4.15.3.RELEASE\plugins\org.junit_4.13.2.v20211018-1956.jar;C:\Program Files\SpringTools4\sts-4.15.3.RELEASE\plugins\org.hamcrest.core_1.3.0.v20180420-1519.jar;C:\Users\joao.vilela\.m2\repository\org\junit\jupiter\junit-jupiter-api\5.9.0\junit-jupiter-api-5.9.0.jar;C:\Users\joao.vilela\.m2\repository\org\opentest4j\opentest4j\1.2.0\opentest4j-1.2.0.jar;C:\Users\joao.vilela\.m2\repository\org\junit\platform\junit-platform-commons\1.9.0\junit-platform-commons-1.9.0.jar;C:\Users\joao.vilela\.m2\repository\org\apiguardian\apiguardian-api\1.1.2\apiguardian-api-1.1.2.jar;C:\Users\joao.vilela\.m2\repository\joda-time\joda-time\2.12.1\joda-time-2.12.1.jar;C:\Users\joao.vilela\.m2\repository\org\junit\platform\junit-platform-launcher\1.9.0\junit-platform-launcher-1.9.0.jar;C:\Users\joao.vilela\.m2\repository\org\junit\platform\junit-platform-engine\1.9.0\junit-platform-engine-1.9.0.jar;C:\Users\joao.vilela\.m2\repository\org\junit\jupiter\junit-jupiter-engine\5.9.0\junit-jupiter-engine-5.9.0.jar;C:\Users\joao.vilela\.eclipse\org.eclipse.platform_4.24.0_1539687769_win32_win32_x86_64\configuration\org.eclipse.osgi\257\0\.cp;C:\Users\joao.vilela\.eclipse\org.eclipse.platform_4.24.0_1539687769_win32_win32_x86_64\configuration\org.eclipse.osgi\255\0\.cp;C:\Users\joao.vilela\.eclipse\org.eclipse.platform_4.24.0_1539687769_win32_win32_x86_64\configuration\org.eclipse.osgi\258\0\.cp\lib\javaagent-shaded.jar
Launcher Type: SUN_STANDARD

Environment Variables:
PATH=C:\JDK\zulu8.64.0.19-ca-jdk8.0.345-win_x64\zulu8.64.0.19-ca-jdk8.0.345-win_x64\jre\bin;C:/Program Files/SpringTools4/sts-4.15.3.RELEASE//plugins/org.eclipse.justj.openjdk.hotspot.jre.full.win32.x86_64_17.0.4.v20220805-1047/jre/bin/server;C:/Program Files/SpringTools4/sts-4.15.3.RELEASE//plugins/org.eclipse.justj.openjdk.hotspot.jre.full.win32.x86_64_17.0.4.v20220805-1047/jre/bin;C:\Program Files (x86)\Common Files\Oracle\Java\javapath;C:\Windows\system32;C:\Windows;C:\Windows\System32\Wbem;C:\Windows\System32\WindowsPowerShell\v1.0\;C:\Windows\System32\OpenSSH\;C:\Program Files\Git\cmd;C:\Program Files\nodejs\;C:\Users\joao.vilela\AppData\Local\Microsoft\WindowsApps;C:\Users\joao.vilela\AppData\Local\Programs\Microsoft VS Code\bin;C:\Users\joao.vilela\AppData\Local\GitHubDesktop\bin;C:\Users\joao.vilela\AppData\Roaming\npm;C:\Users\joao.vilela\AppData\Roaming\npm\node_modules@angular\cli\bin;;C:\Program Files\SpringTools4\sts-4.15.3.RELEASE;
USERNAME=joao.vilela
OS=Windows_NT
PROCESSOR_IDENTIFIER=Intel64 Family 6 Model 60 Stepping 3, GenuineIntel



---------------  S Y S T E M  ---------------

OS: Windows 10.0 , 64 bit Build 19041 (10.0.19041.2251)

CPU:total 8 (initial active 8) (4 cores per cpu, 2 threads per core) family 6 model 60 stepping 3, cmov, cx8, fxsr, mmx, sse, sse2, sse3, ssse3, sse4.1, sse4.2, popcnt, avx, avx2, aes, clmul, erms, lzcnt, ht, tsc, tscinvbit, bmi1, bmi2

Memory: 4k page, physical 16685048k(9240220k free), swap 19175416k(10326884k free)

vm_info: OpenJDK 64-Bit Server VM (25.345-b01) for windows-amd64 JRE (Zulu 8.64.0.19-CA-win64) (1.8.0_345-b01), built on Aug  2 2022 09:03:11 by "tester" with MS VC++ 15.9 (VS2017)

time: Thu Dec  1 11:36:49 2022
timezone: Hora oficial do Brasil
elapsed time: 1092.293187 seconds (0d 0h 18m 12s)

